2022-10-05 10:12:03.851  INFO 7768 --- [main] App.Application                          : Starting Application using Java 17.0.3 on LAPTOP-72RHPGI0 with PID 7768 (C:\Users\kashf\P2-EKBLISIM-backend\build\classes\java\main started by kashf in C:\Users\kashf\P2-EKBLISIM-backend)
2022-10-05 10:12:03.857  INFO 7768 --- [main] App.Application                          : No active profile set, falling back to 1 default profile: "default"
2022-10-05 10:12:05.564  INFO 7768 --- [main] .s.d.r.c.RepositoryConfigurationDelegate : Bootstrapping Spring Data JPA repositories in DEFAULT mode.
2022-10-05 10:12:05.707  INFO 7768 --- [main] .s.d.r.c.RepositoryConfigurationDelegate : Finished Spring Data repository scanning in 120 ms. Found 3 JPA repository interfaces.
2022-10-05 10:12:07.737  INFO 7768 --- [main] o.s.b.w.embedded.tomcat.TomcatWebServer  : Tomcat initialized with port(s): 8080 (http)
2022-10-05 10:12:07.760  INFO 7768 --- [main] o.apache.catalina.core.StandardService   : Starting service [Tomcat]
2022-10-05 10:12:07.763  INFO 7768 --- [main] org.apache.catalina.core.StandardEngine  : Starting Servlet engine: [Apache Tomcat/9.0.65]
2022-10-05 10:12:08.322  INFO 7768 --- [main] o.a.c.c.C.[Tomcat].[localhost].[/]       : Initializing Spring embedded WebApplicationContext
2022-10-05 10:12:08.323  INFO 7768 --- [main] w.s.c.ServletWebServerApplicationContext : Root WebApplicationContext: initialization completed in 4359 ms
2022-10-05 10:12:08.931  INFO 7768 --- [main] o.hibernate.jpa.internal.util.LogHelper  : HHH000204: Processing PersistenceUnitInfo [name: default]
2022-10-05 10:12:09.057  INFO 7768 --- [main] org.hibernate.Version                    : HHH000412: Hibernate ORM core version 5.6.11.Final
2022-10-05 10:12:09.449  INFO 7768 --- [main] o.hibernate.annotations.common.Version   : HCANN000001: Hibernate Commons Annotations {5.1.2.Final}
2022-10-05 10:12:09.724  INFO 7768 --- [main] com.zaxxer.hikari.HikariDataSource       : HikariPool-1 - Starting...
2022-10-05 10:12:10.748  INFO 7768 --- [main] com.zaxxer.hikari.HikariDataSource       : HikariPool-1 - Start completed.
2022-10-05 10:12:10.831  INFO 7768 --- [main] org.hibernate.dialect.Dialect            : HHH000400: Using dialect: org.hibernate.dialect.SQLServer2012Dialect
2022-10-05 10:12:13.224  INFO 7768 --- [main] o.h.e.t.j.p.i.JtaPlatformInitiator       : HHH000490: Using JtaPlatform implementation: [org.hibernate.engine.transaction.jta.platform.internal.NoJtaPlatform]
2022-10-05 10:12:13.250  INFO 7768 --- [main] j.LocalContainerEntityManagerFactoryBean : Initialized JPA EntityManagerFactory for persistence unit 'default'
2022-10-05 10:12:15.760  WARN 7768 --- [main] JpaBaseConfiguration$JpaWebConfiguration : spring.jpa.open-in-view is enabled by default. Therefore, database queries may be performed during view rendering. Explicitly configure spring.jpa.open-in-view to disable this warning
2022-10-05 10:12:17.459  INFO 7768 --- [main] o.s.b.w.embedded.tomcat.TomcatWebServer  : Tomcat started on port(s): 8080 (http) with context path ''
2022-10-05 10:12:17.483  INFO 7768 --- [main] App.Application                          : Started Application in 14.385 seconds (JVM running for 15.401)
2022-10-05 10:12:44.144  INFO 7768 --- [http-nio-8080-exec-1] o.a.c.c.C.[Tomcat].[localhost].[/]       : Initializing Spring DispatcherServlet 'dispatcherServlet'
2022-10-05 10:12:44.144  INFO 7768 --- [http-nio-8080-exec-1] o.s.web.servlet.DispatcherServlet        : Initializing Servlet 'dispatcherServlet'
2022-10-05 10:12:44.148  INFO 7768 --- [http-nio-8080-exec-1] o.s.web.servlet.DispatcherServlet        : Completed initialization in 3 ms
2022-10-05 10:12:44.219  INFO 7768 --- [http-nio-8080-exec-1] gAspect$$EnhancerBySpringCGLIB$$c75e9eac : Intercepted method call of getAllPackages
2022-10-05 10:12:44.690  INFO 7768 --- [http-nio-8080-exec-1] gAspect$$EnhancerBySpringCGLIB$$c75e9eac : Logging after the method call of getAllPackages
2022-10-05 10:12:44.691  INFO 7768 --- [http-nio-8080-exec-1] gAspect$$EnhancerBySpringCGLIB$$c75e9eac : Method getAllPackages took 474 ms to complete
2022-10-05 10:12:51.809  INFO 7768 --- [http-nio-8080-exec-2] gAspect$$EnhancerBySpringCGLIB$$c75e9eac : Intercepted method call of getAllPackages
2022-10-05 10:12:52.086  INFO 7768 --- [http-nio-8080-exec-2] gAspect$$EnhancerBySpringCGLIB$$c75e9eac : Logging after the method call of getAllPackages
2022-10-05 10:12:52.087  INFO 7768 --- [http-nio-8080-exec-2] gAspect$$EnhancerBySpringCGLIB$$c75e9eac : Method getAllPackages took 278 ms to complete
2022-10-05 10:13:30.770  INFO 7768 --- [http-nio-8080-exec-3] gAspect$$EnhancerBySpringCGLIB$$c75e9eac : Intercepted method call of getAllPackages
2022-10-05 10:13:30.995  INFO 7768 --- [http-nio-8080-exec-3] gAspect$$EnhancerBySpringCGLIB$$c75e9eac : Logging after the method call of getAllPackages
2022-10-05 10:13:30.996  INFO 7768 --- [http-nio-8080-exec-3] gAspect$$EnhancerBySpringCGLIB$$c75e9eac : Method getAllPackages took 226 ms to complete
2022-10-05 10:14:07.138  INFO 7768 --- [http-nio-8080-exec-4] gAspect$$EnhancerBySpringCGLIB$$c75e9eac : Intercepted method call of getAllPackages
2022-10-05 10:14:07.403  INFO 7768 --- [http-nio-8080-exec-4] gAspect$$EnhancerBySpringCGLIB$$c75e9eac : Logging after the method call of getAllPackages
2022-10-05 10:14:07.404  INFO 7768 --- [http-nio-8080-exec-4] gAspect$$EnhancerBySpringCGLIB$$c75e9eac : Method getAllPackages took 266 ms to complete
2022-10-05 10:14:41.744  INFO 10128 --- [main] App.Application                          : Starting Application using Java 17.0.3 on LAPTOP-72RHPGI0 with PID 10128 (C:\Users\kashf\P2-EKBLISIM-backend\build\classes\java\main started by kashf in C:\Users\kashf\P2-EKBLISIM-backend)
2022-10-05 10:14:41.750  INFO 10128 --- [main] App.Application                          : No active profile set, falling back to 1 default profile: "default"
2022-10-05 10:14:43.440  INFO 10128 --- [main] .s.d.r.c.RepositoryConfigurationDelegate : Bootstrapping Spring Data JPA repositories in DEFAULT mode.
2022-10-05 10:14:43.565  INFO 10128 --- [main] .s.d.r.c.RepositoryConfigurationDelegate : Finished Spring Data repository scanning in 104 ms. Found 3 JPA repository interfaces.
2022-10-05 10:14:45.372  INFO 10128 --- [main] o.s.b.w.embedded.tomcat.TomcatWebServer  : Tomcat initialized with port(s): 8080 (http)
2022-10-05 10:14:45.395  INFO 10128 --- [main] o.apache.catalina.core.StandardService   : Starting service [Tomcat]
2022-10-05 10:14:45.396  INFO 10128 --- [main] org.apache.catalina.core.StandardEngine  : Starting Servlet engine: [Apache Tomcat/9.0.65]
2022-10-05 10:14:45.940  INFO 10128 --- [main] o.a.c.c.C.[Tomcat].[localhost].[/]       : Initializing Spring embedded WebApplicationContext
2022-10-05 10:14:45.941  INFO 10128 --- [main] w.s.c.ServletWebServerApplicationContext : Root WebApplicationContext: initialization completed in 4009 ms
2022-10-05 10:14:46.550  INFO 10128 --- [main] o.hibernate.jpa.internal.util.LogHelper  : HHH000204: Processing PersistenceUnitInfo [name: default]
2022-10-05 10:14:46.664  INFO 10128 --- [main] org.hibernate.Version                    : HHH000412: Hibernate ORM core version 5.6.11.Final
2022-10-05 10:14:47.044  INFO 10128 --- [main] o.hibernate.annotations.common.Version   : HCANN000001: Hibernate Commons Annotations {5.1.2.Final}
2022-10-05 10:14:47.274  INFO 10128 --- [main] com.zaxxer.hikari.HikariDataSource       : HikariPool-1 - Starting...
2022-10-05 10:14:48.180  INFO 10128 --- [main] com.zaxxer.hikari.HikariDataSource       : HikariPool-1 - Start completed.
2022-10-05 10:14:48.261  INFO 10128 --- [main] org.hibernate.dialect.Dialect            : HHH000400: Using dialect: org.hibernate.dialect.SQLServer2012Dialect
2022-10-05 10:14:50.653  INFO 10128 --- [main] o.h.e.t.j.p.i.JtaPlatformInitiator       : HHH000490: Using JtaPlatform implementation: [org.hibernate.engine.transaction.jta.platform.internal.NoJtaPlatform]
2022-10-05 10:14:50.675  INFO 10128 --- [main] j.LocalContainerEntityManagerFactoryBean : Initialized JPA EntityManagerFactory for persistence unit 'default'
2022-10-05 10:14:52.199  WARN 10128 --- [main] JpaBaseConfiguration$JpaWebConfiguration : spring.jpa.open-in-view is enabled by default. Therefore, database queries may be performed during view rendering. Explicitly configure spring.jpa.open-in-view to disable this warning
2022-10-05 10:14:53.443  INFO 10128 --- [main] o.s.b.w.embedded.tomcat.TomcatWebServer  : Tomcat started on port(s): 8080 (http) with context path ''
2022-10-05 10:14:53.462  INFO 10128 --- [main] App.Application                          : Started Application in 12.778 seconds (JVM running for 14.38)
2022-10-05 10:14:59.965  INFO 10128 --- [http-nio-8080-exec-1] o.a.c.c.C.[Tomcat].[localhost].[/]       : Initializing Spring DispatcherServlet 'dispatcherServlet'
2022-10-05 10:14:59.967  INFO 10128 --- [http-nio-8080-exec-1] o.s.web.servlet.DispatcherServlet        : Initializing Servlet 'dispatcherServlet'
2022-10-05 10:14:59.980  INFO 10128 --- [http-nio-8080-exec-1] o.s.web.servlet.DispatcherServlet        : Completed initialization in 3 ms
2022-10-05 10:15:32.951  INFO 10128 --- [http-nio-8080-exec-2] ngAspect$$EnhancerBySpringCGLIB$$55757f3 : Intercepted method call of save
2022-10-05 10:15:33.277  INFO 10128 --- [http-nio-8080-exec-2] ngAspect$$EnhancerBySpringCGLIB$$55757f3 : Logging after the method call of save
2022-10-05 10:15:33.277  INFO 10128 --- [http-nio-8080-exec-2] ngAspect$$EnhancerBySpringCGLIB$$55757f3 : Method save took 328 ms to complete
